[debug] [2022-09-26T09:11:01.995Z] ----------------------------------------------------------------------
[debug] [2022-09-26T09:11:01.998Z] Command:       C:\Program Files\nodejs\node.exe C:\Program Files\nodejs\node_modules\firebase-tools\lib\bin\firebase.js init
[debug] [2022-09-26T09:11:01.998Z] CLI Version:   11.10.0
[debug] [2022-09-26T09:11:01.999Z] Platform:      win32
[debug] [2022-09-26T09:11:01.999Z] Node Version:  v16.17.1
[debug] [2022-09-26T09:11:02.000Z] Time:          Mon Sep 26 2022 16:11:01 GMT+0700 (Indochina Time)
[debug] [2022-09-26T09:11:02.000Z] ----------------------------------------------------------------------
[debug] 
[debug] [2022-09-26T09:11:02.081Z] > command requires scopes: ["email","openid","https://www.googleapis.com/auth/cloudplatformprojects.readonly","https://www.googleapis.com/auth/firebase","https://www.googleapis.com/auth/cloud-platform"]
[debug] [2022-09-26T09:11:02.082Z] > authorizing via signed-in user (duynm@devcamp.edu.vn)
[info] 
     ######## #### ########  ######## ########     ###     ######  ########
     ##        ##  ##     ## ##       ##     ##  ##   ##  ##       ##
     ######    ##  ########  ######   ########  #########  ######  ######
     ##        ##  ##    ##  ##       ##     ## ##     ##       ## ##
     ##       #### ##     ## ######## ########  ##     ##  ######  ########

You're about to initialize a Firebase project in this directory:

  C:\Users\HP\Desktop\project-phongvan\portfolionmd

Before we get started, keep in mind:

  * You are initializing within an existing Firebase project directory

[info] 
=== Project Setup
[info] 
[info] First, let's associate this project directory with a Firebase project.
[info] You can create multiple project aliases by running firebase use --add, 
[info] but for now we'll just set up a default project.
[info] 
[debug] [2022-09-26T09:11:15.077Z] Using project from CLI flag: portfolio-70bdb
[debug] [2022-09-26T09:11:15.082Z] >>> [apiv2][query] GET https://firebase.googleapis.com/v1beta1/projects/portfolio-70bdb [none]
[debug] [2022-09-26T09:11:15.527Z] <<< [apiv2][status] GET https://firebase.googleapis.com/v1beta1/projects/portfolio-70bdb 200
[debug] [2022-09-26T09:11:15.527Z] <<< [apiv2][body] GET https://firebase.googleapis.com/v1beta1/projects/portfolio-70bdb {"projectId":"portfolio-70bdb","projectNumber":"747634434847","displayName":"portfolio","name":"projects/portfolio-70bdb","resources":{"hostingSite":"portfolio-70bdb"},"state":"ACTIVE","etag":"1_db9531dd-af3e-48f5-af7d-bffee8568c18"}
[info] i  Using project portfolio-70bdb (portfolio) 
[info] 
=== Hosting Setup
[info] 
[info] Your public directory is the folder (relative to your project directory) that
[info] will contain Hosting assets to be uploaded with firebase deploy. If you
[info] have a build process for your assets, use your build's output directory.
[info] 
